2017-12-14 21:14:55.409 [restartedMain] INFO  c.f.s.SpringBootDemo1Application -Starting SpringBootDemo1Application on DESKTOP-TVF23A1 with PID 404 (F:\undo\git_repository\spring_boot_demo1\target\classes started by 97926 in F:\undo\git_repository\spring_boot_demo1)
2017-12-14 21:14:55.409 [restartedMain] INFO  c.f.s.SpringBootDemo1Application -No active profile set, falling back to default profiles: default
2017-12-14 21:14:55.409 [restartedMain] INFO  o.s.b.c.e.AnnotationConfigEmbeddedWebApplicationContext -Refreshing org.springframework.boot.context.embedded.AnnotationConfigEmbeddedWebApplicationContext@4d6ee245: startup date [Thu Dec 14 21:14:55 CST 2017]; root of context hierarchy
2017-12-14 21:14:55.659 [restartedMain] INFO  o.s.b.c.e.t.TomcatEmbeddedServletContainer -Tomcat initialized with port(s): 80 (http)
2017-12-14 21:14:55.659 [restartedMain] INFO  o.a.catalina.core.StandardService -Starting service [Tomcat]
2017-12-14 21:14:55.659 [restartedMain] INFO  o.a.catalina.core.StandardEngine -Starting Servlet Engine: Apache Tomcat/8.5.23
2017-12-14 21:14:55.675 [localhost-startStop-1] INFO  o.a.c.c.C.[Tomcat].[localhost].[/] -Initializing Spring embedded WebApplicationContext
2017-12-14 21:14:55.675 [localhost-startStop-1] INFO  o.s.web.context.ContextLoader -Root WebApplicationContext: initialization completed in 266 ms
2017-12-14 21:14:55.690 [localhost-startStop-1] INFO  o.s.b.w.s.ServletRegistrationBean -Mapping servlet: 'dispatcherServlet' to [/]
2017-12-14 21:14:55.690 [localhost-startStop-1] INFO  o.s.b.w.s.FilterRegistrationBean -Mapping filter: 'characterEncodingFilter' to: [/*]
2017-12-14 21:14:55.690 [localhost-startStop-1] INFO  o.s.b.w.s.FilterRegistrationBean -Mapping filter: 'hiddenHttpMethodFilter' to: [/*]
2017-12-14 21:14:55.690 [localhost-startStop-1] INFO  o.s.b.w.s.FilterRegistrationBean -Mapping filter: 'httpPutFormContentFilter' to: [/*]
2017-12-14 21:14:55.690 [localhost-startStop-1] INFO  o.s.b.w.s.FilterRegistrationBean -Mapping filter: 'requestContextFilter' to: [/*]
2017-12-14 21:14:55.753 [restartedMain] INFO  o.s.w.s.m.m.a.RequestMappingHandlerAdapter -Looking for @ControllerAdvice: org.springframework.boot.context.embedded.AnnotationConfigEmbeddedWebApplicationContext@4d6ee245: startup date [Thu Dec 14 21:14:55 CST 2017]; root of context hierarchy
2017-12-14 21:14:55.753 [restartedMain] INFO  o.s.w.s.m.m.a.RequestMappingHandlerMapping -Mapped "{[/index/index],methods=[GET]}" onto public java.lang.String com.futurecode.spring_boot_demo1.controller.DemoController.index()
2017-12-14 21:14:55.753 [restartedMain] INFO  o.s.w.s.m.m.a.RequestMappingHandlerMapping -Mapped "{[/index/get],methods=[GET]}" onto public java.util.Map<java.lang.String, java.lang.Object> com.futurecode.spring_boot_demo1.controller.DemoController.get(java.lang.String,java.lang.Integer)
2017-12-14 21:14:55.753 [restartedMain] INFO  o.s.w.s.m.m.a.RequestMappingHandlerMapping -Mapped "{[/index/getUser],methods=[GET]}" onto public com.futurecode.spring_boot_demo1.bean.User com.futurecode.spring_boot_demo1.controller.DemoController.getUser()
2017-12-14 21:14:55.753 [restartedMain] INFO  o.s.w.s.m.m.a.RequestMappingHandlerMapping -Mapped "{[/index/getUserFromPath/{name}/{age}/{habbit}],methods=[GET]}" onto public com.futurecode.spring_boot_demo1.bean.User com.futurecode.spring_boot_demo1.controller.DemoController.getUserFromPath(java.lang.String,java.lang.Integer,java.lang.String)
2017-12-14 21:14:55.753 [restartedMain] INFO  o.s.w.s.m.m.a.RequestMappingHandlerMapping -Mapped "{[/error]}" onto public org.springframework.http.ResponseEntity<java.util.Map<java.lang.String, java.lang.Object>> org.springframework.boot.autoconfigure.web.BasicErrorController.error(javax.servlet.http.HttpServletRequest)
2017-12-14 21:14:55.753 [restartedMain] INFO  o.s.w.s.m.m.a.RequestMappingHandlerMapping -Mapped "{[/error],produces=[text/html]}" onto public org.springframework.web.servlet.ModelAndView org.springframework.boot.autoconfigure.web.BasicErrorController.errorHtml(javax.servlet.http.HttpServletRequest,javax.servlet.http.HttpServletResponse)
2017-12-14 21:14:55.768 [restartedMain] INFO  o.s.w.s.h.SimpleUrlHandlerMapping -Mapped URL path [/webjars/**] onto handler of type [class org.springframework.web.servlet.resource.ResourceHttpRequestHandler]
2017-12-14 21:14:55.768 [restartedMain] INFO  o.s.w.s.h.SimpleUrlHandlerMapping -Mapped URL path [/**] onto handler of type [class org.springframework.web.servlet.resource.ResourceHttpRequestHandler]
2017-12-14 21:14:55.768 [restartedMain] INFO  o.s.w.s.h.SimpleUrlHandlerMapping -Mapped URL path [/**/favicon.ico] onto handler of type [class org.springframework.web.servlet.resource.ResourceHttpRequestHandler]
2017-12-14 21:14:55.784 [restartedMain] INFO  o.s.b.d.a.OptionalLiveReloadServer -LiveReload server is running on port 35729
2017-12-14 21:14:55.815 [restartedMain] INFO  o.s.j.e.a.AnnotationMBeanExporter -Registering beans for JMX exposure on startup
2017-12-14 21:14:55.831 [restartedMain] INFO  o.s.b.c.e.t.TomcatEmbeddedServletContainer -Tomcat started on port(s): 80 (http)
2017-12-14 21:14:55.831 [restartedMain] INFO  c.f.s.SpringBootDemo1Application -Started SpringBootDemo1Application in 0.485 seconds (JVM running for 201.354)
2017-12-14 21:16:01.239 [Thread-24] INFO  o.s.b.c.e.AnnotationConfigEmbeddedWebApplicationContext -Closing org.springframework.boot.context.embedded.AnnotationConfigEmbeddedWebApplicationContext@4d6ee245: startup date [Thu Dec 14 21:14:55 CST 2017]; root of context hierarchy
2017-12-14 21:16:01.239 [Thread-24] INFO  o.s.j.e.a.AnnotationMBeanExporter -Unregistering JMX-exposed beans on shutdown
2017-12-14 21:16:01.474 [restartedMain] INFO  c.f.s.SpringBootDemo1Application -Starting SpringBootDemo1Application on DESKTOP-TVF23A1 with PID 404 (F:\undo\git_repository\spring_boot_demo1\target\classes started by 97926 in F:\undo\git_repository\spring_boot_demo1)
2017-12-14 21:16:01.474 [restartedMain] INFO  c.f.s.SpringBootDemo1Application -No active profile set, falling back to default profiles: default
2017-12-14 21:16:01.474 [restartedMain] INFO  o.s.b.c.e.AnnotationConfigEmbeddedWebApplicationContext -Refreshing org.springframework.boot.context.embedded.AnnotationConfigEmbeddedWebApplicationContext@1802cf6d: startup date [Thu Dec 14 21:16:01 CST 2017]; root of context hierarchy
2017-12-14 21:16:01.708 [restartedMain] INFO  o.s.b.c.e.t.TomcatEmbeddedServletContainer -Tomcat initialized with port(s): 80 (http)
2017-12-14 21:16:01.708 [restartedMain] INFO  o.a.catalina.core.StandardService -Starting service [Tomcat]
2017-12-14 21:16:01.708 [restartedMain] INFO  o.a.catalina.core.StandardEngine -Starting Servlet Engine: Apache Tomcat/8.5.23
2017-12-14 21:16:01.724 [localhost-startStop-1] INFO  o.a.c.c.C.[Tomcat].[localhost].[/] -Initializing Spring embedded WebApplicationContext
2017-12-14 21:16:01.724 [localhost-startStop-1] INFO  o.s.web.context.ContextLoader -Root WebApplicationContext: initialization completed in 250 ms
2017-12-14 21:16:01.739 [localhost-startStop-1] INFO  o.s.b.w.s.ServletRegistrationBean -Mapping servlet: 'dispatcherServlet' to [/]
2017-12-14 21:16:01.739 [localhost-startStop-1] INFO  o.s.b.w.s.FilterRegistrationBean -Mapping filter: 'characterEncodingFilter' to: [/*]
2017-12-14 21:16:01.739 [localhost-startStop-1] INFO  o.s.b.w.s.FilterRegistrationBean -Mapping filter: 'hiddenHttpMethodFilter' to: [/*]
2017-12-14 21:16:01.739 [localhost-startStop-1] INFO  o.s.b.w.s.FilterRegistrationBean -Mapping filter: 'httpPutFormContentFilter' to: [/*]
2017-12-14 21:16:01.739 [localhost-startStop-1] INFO  o.s.b.w.s.FilterRegistrationBean -Mapping filter: 'requestContextFilter' to: [/*]
2017-12-14 21:16:01.802 [restartedMain] INFO  o.s.w.s.m.m.a.RequestMappingHandlerAdapter -Looking for @ControllerAdvice: org.springframework.boot.context.embedded.AnnotationConfigEmbeddedWebApplicationContext@1802cf6d: startup date [Thu Dec 14 21:16:01 CST 2017]; root of context hierarchy
2017-12-14 21:16:01.802 [restartedMain] INFO  o.s.w.s.m.m.a.RequestMappingHandlerMapping -Mapped "{[/index/index],methods=[GET]}" onto public java.lang.String com.futurecode.spring_boot_demo1.controller.DemoController.index()
2017-12-14 21:16:01.802 [restartedMain] INFO  o.s.w.s.m.m.a.RequestMappingHandlerMapping -Mapped "{[/index/get],methods=[GET]}" onto public java.util.Map<java.lang.String, java.lang.Object> com.futurecode.spring_boot_demo1.controller.DemoController.get(java.lang.String,java.lang.Integer)
2017-12-14 21:16:01.802 [restartedMain] INFO  o.s.w.s.m.m.a.RequestMappingHandlerMapping -Mapped "{[/index/getUser],methods=[GET]}" onto public com.futurecode.spring_boot_demo1.bean.User com.futurecode.spring_boot_demo1.controller.DemoController.getUser()
2017-12-14 21:16:01.802 [restartedMain] INFO  o.s.w.s.m.m.a.RequestMappingHandlerMapping -Mapped "{[/index/getUserFromPath/{name}/{age}/{habbit}],methods=[GET]}" onto public com.futurecode.spring_boot_demo1.bean.User com.futurecode.spring_boot_demo1.controller.DemoController.getUserFromPath(java.lang.String,java.lang.Integer,java.lang.String)
2017-12-14 21:16:01.802 [restartedMain] INFO  o.s.w.s.m.m.a.RequestMappingHandlerMapping -Mapped "{[/error]}" onto public org.springframework.http.ResponseEntity<java.util.Map<java.lang.String, java.lang.Object>> org.springframework.boot.autoconfigure.web.BasicErrorController.error(javax.servlet.http.HttpServletRequest)
2017-12-14 21:16:01.802 [restartedMain] INFO  o.s.w.s.m.m.a.RequestMappingHandlerMapping -Mapped "{[/error],produces=[text/html]}" onto public org.springframework.web.servlet.ModelAndView org.springframework.boot.autoconfigure.web.BasicErrorController.errorHtml(javax.servlet.http.HttpServletRequest,javax.servlet.http.HttpServletResponse)
2017-12-14 21:16:01.802 [restartedMain] INFO  o.s.w.s.h.SimpleUrlHandlerMapping -Mapped URL path [/webjars/**] onto handler of type [class org.springframework.web.servlet.resource.ResourceHttpRequestHandler]
2017-12-14 21:16:01.802 [restartedMain] INFO  o.s.w.s.h.SimpleUrlHandlerMapping -Mapped URL path [/**] onto handler of type [class org.springframework.web.servlet.resource.ResourceHttpRequestHandler]
2017-12-14 21:16:01.817 [restartedMain] INFO  o.s.w.s.h.SimpleUrlHandlerMapping -Mapped URL path [/**/favicon.ico] onto handler of type [class org.springframework.web.servlet.resource.ResourceHttpRequestHandler]
2017-12-14 21:16:01.833 [restartedMain] INFO  o.s.b.d.a.OptionalLiveReloadServer -LiveReload server is running on port 35729
2017-12-14 21:16:01.849 [restartedMain] INFO  o.s.j.e.a.AnnotationMBeanExporter -Registering beans for JMX exposure on startup
2017-12-14 21:16:01.864 [restartedMain] INFO  o.s.b.c.e.t.TomcatEmbeddedServletContainer -Tomcat started on port(s): 80 (http)
2017-12-14 21:16:01.864 [restartedMain] INFO  c.f.s.SpringBootDemo1Application -Started SpringBootDemo1Application in 0.437 seconds (JVM running for 267.386)
2017-12-14 21:17:16.253 [Thread-40] INFO  o.s.b.c.e.AnnotationConfigEmbeddedWebApplicationContext -Closing org.springframework.boot.context.embedded.AnnotationConfigEmbeddedWebApplicationContext@1802cf6d: startup date [Thu Dec 14 21:16:01 CST 2017]; root of context hierarchy
2017-12-14 21:17:16.253 [Thread-40] INFO  o.s.j.e.a.AnnotationMBeanExporter -Unregistering JMX-exposed beans on shutdown
