[INFO] [2018-03-29 15:45:15][org.springframework.test.context.support.DefaultTestContextBootstrapper]Loaded default TestExecutionListener class names from location [META-INF/spring.factories]: [org.springframework.test.context.web.ServletTestExecutionListener, org.springframework.test.context.support.DirtiesContextBeforeModesTestExecutionListener, org.springframework.test.context.support.DependencyInjectionTestExecutionListener, org.springframework.test.context.support.DirtiesContextTestExecutionListener, org.springframework.test.context.transaction.TransactionalTestExecutionListener, org.springframework.test.context.jdbc.SqlScriptsTestExecutionListener]
[INFO] [2018-03-29 15:45:15][org.springframework.test.context.support.DefaultTestContextBootstrapper]Using TestExecutionListeners: [org.springframework.test.context.web.ServletTestExecutionListener@56235b8e, org.springframework.test.context.support.DirtiesContextBeforeModesTestExecutionListener@3632be31, org.springframework.test.context.support.DependencyInjectionTestExecutionListener@5abca1e0, org.springframework.test.context.support.DirtiesContextTestExecutionListener@2286778, org.springframework.test.context.transaction.TransactionalTestExecutionListener@4e9ba398, org.springframework.test.context.jdbc.SqlScriptsTestExecutionListener@6d7b4f4c]
[INFO] [2018-03-29 15:45:16][org.springframework.beans.factory.xml.XmlBeanDefinitionReader]Loading XML bean definitions from class path resource [spring/applicationContext.xml]
[INFO] [2018-03-29 15:45:16][org.springframework.context.support.GenericApplicationContext]Refreshing org.springframework.context.support.GenericApplicationContext@48503868: startup date [Thu Mar 29 15:45:16 CST 2018]; root of context hierarchy
[INFO] [2018-03-29 15:45:18][com.alibaba.druid.pool.DruidDataSource]{dataSource-1} inited
[INFO] [2018-03-29 15:45:18][com.taobao.tddl.atom.jdbc.TDataSourceWrapper]set thread count restrict 0
[INFO] [2018-03-29 15:45:18][com.taobao.tddl.atom.jdbc.TDataSourceWrapper]set maxConcurrentReadRestrict 0
[INFO] [2018-03-29 15:45:18][com.taobao.tddl.atom.jdbc.TDataSourceWrapper]set maxConcurrentWriteRestrict 0
[INFO] [2018-03-29 15:45:18][com.alibaba.druid.pool.DruidDataSource]{dataSource-2} inited
[INFO] [2018-03-29 15:45:18][com.taobao.tddl.atom.jdbc.TDataSourceWrapper]set thread count restrict 0
[INFO] [2018-03-29 15:45:18][com.taobao.tddl.atom.jdbc.TDataSourceWrapper]set maxConcurrentReadRestrict 0
[INFO] [2018-03-29 15:45:18][com.taobao.tddl.atom.jdbc.TDataSourceWrapper]set maxConcurrentWriteRestrict 0
[INFO] [2018-03-29 15:45:19][org.springframework.beans.factory.xml.XmlBeanDefinitionReader]Loading XML bean definitions from class path resource [org/springframework/jdbc/support/sql-error-codes.xml]
[INFO] [2018-03-29 15:45:19][org.springframework.jdbc.support.SQLErrorCodesFactory]SQLErrorCodes loaded: [DB2, Derby, H2, HSQL, Informix, MS-SQL, MySQL, Oracle, PostgreSQL, Sybase, Hana]
[INFO] [2018-03-29 15:45:19][org.springframework.context.support.GenericApplicationContext]Closing org.springframework.context.support.GenericApplicationContext@48503868: startup date [Thu Mar 29 15:45:16 CST 2018]; root of context hierarchy
[INFO] [2018-03-29 15:46:06][org.springframework.test.context.support.DefaultTestContextBootstrapper]Loaded default TestExecutionListener class names from location [META-INF/spring.factories]: [org.springframework.test.context.web.ServletTestExecutionListener, org.springframework.test.context.support.DirtiesContextBeforeModesTestExecutionListener, org.springframework.test.context.support.DependencyInjectionTestExecutionListener, org.springframework.test.context.support.DirtiesContextTestExecutionListener, org.springframework.test.context.transaction.TransactionalTestExecutionListener, org.springframework.test.context.jdbc.SqlScriptsTestExecutionListener]
[INFO] [2018-03-29 15:46:06][org.springframework.test.context.support.DefaultTestContextBootstrapper]Using TestExecutionListeners: [org.springframework.test.context.web.ServletTestExecutionListener@56235b8e, org.springframework.test.context.support.DirtiesContextBeforeModesTestExecutionListener@3632be31, org.springframework.test.context.support.DependencyInjectionTestExecutionListener@5abca1e0, org.springframework.test.context.support.DirtiesContextTestExecutionListener@2286778, org.springframework.test.context.transaction.TransactionalTestExecutionListener@4e9ba398, org.springframework.test.context.jdbc.SqlScriptsTestExecutionListener@6d7b4f4c]
[INFO] [2018-03-29 15:46:06][org.springframework.beans.factory.xml.XmlBeanDefinitionReader]Loading XML bean definitions from class path resource [spring/applicationContext.xml]
[INFO] [2018-03-29 15:46:06][org.springframework.context.support.GenericApplicationContext]Refreshing org.springframework.context.support.GenericApplicationContext@48503868: startup date [Thu Mar 29 15:46:06 CST 2018]; root of context hierarchy
[INFO] [2018-03-29 15:46:08][com.alibaba.druid.pool.DruidDataSource]{dataSource-1} inited
[INFO] [2018-03-29 15:46:08][com.taobao.tddl.atom.jdbc.TDataSourceWrapper]set thread count restrict 0
[INFO] [2018-03-29 15:46:08][com.taobao.tddl.atom.jdbc.TDataSourceWrapper]set maxConcurrentReadRestrict 0
[INFO] [2018-03-29 15:46:08][com.taobao.tddl.atom.jdbc.TDataSourceWrapper]set maxConcurrentWriteRestrict 0
[INFO] [2018-03-29 15:46:09][com.alibaba.druid.pool.DruidDataSource]{dataSource-2} inited
[INFO] [2018-03-29 15:46:09][com.taobao.tddl.atom.jdbc.TDataSourceWrapper]set thread count restrict 0
[INFO] [2018-03-29 15:46:09][com.taobao.tddl.atom.jdbc.TDataSourceWrapper]set maxConcurrentReadRestrict 0
[INFO] [2018-03-29 15:46:09][com.taobao.tddl.atom.jdbc.TDataSourceWrapper]set maxConcurrentWriteRestrict 0
[INFO] [2018-03-29 15:46:09][org.springframework.beans.factory.xml.XmlBeanDefinitionReader]Loading XML bean definitions from class path resource [org/springframework/jdbc/support/sql-error-codes.xml]
[INFO] [2018-03-29 15:46:09][org.springframework.jdbc.support.SQLErrorCodesFactory]SQLErrorCodes loaded: [DB2, Derby, H2, HSQL, Informix, MS-SQL, MySQL, Oracle, PostgreSQL, Sybase, Hana]
[INFO] [2018-03-29 15:46:10][org.springframework.context.support.GenericApplicationContext]Closing org.springframework.context.support.GenericApplicationContext@48503868: startup date [Thu Mar 29 15:46:06 CST 2018]; root of context hierarchy
[INFO] [2018-03-29 15:46:45][org.springframework.test.context.support.DefaultTestContextBootstrapper]Loaded default TestExecutionListener class names from location [META-INF/spring.factories]: [org.springframework.test.context.web.ServletTestExecutionListener, org.springframework.test.context.support.DirtiesContextBeforeModesTestExecutionListener, org.springframework.test.context.support.DependencyInjectionTestExecutionListener, org.springframework.test.context.support.DirtiesContextTestExecutionListener, org.springframework.test.context.transaction.TransactionalTestExecutionListener, org.springframework.test.context.jdbc.SqlScriptsTestExecutionListener]
[INFO] [2018-03-29 15:46:45][org.springframework.test.context.support.DefaultTestContextBootstrapper]Using TestExecutionListeners: [org.springframework.test.context.web.ServletTestExecutionListener@dd8ba08, org.springframework.test.context.support.DirtiesContextBeforeModesTestExecutionListener@245b4bdc, org.springframework.test.context.support.DependencyInjectionTestExecutionListener@6c64cb25, org.springframework.test.context.support.DirtiesContextTestExecutionListener@6ae5aa72, org.springframework.test.context.transaction.TransactionalTestExecutionListener@222545dc, org.springframework.test.context.jdbc.SqlScriptsTestExecutionListener@5c5eefef]
[INFO] [2018-03-29 15:46:46][org.springframework.beans.factory.xml.XmlBeanDefinitionReader]Loading XML bean definitions from class path resource [spring/applicationContext.xml]
[INFO] [2018-03-29 15:46:46][org.springframework.context.support.GenericApplicationContext]Refreshing org.springframework.context.support.GenericApplicationContext@2d1ef81a: startup date [Thu Mar 29 15:46:46 CST 2018]; root of context hierarchy
[INFO] [2018-03-29 15:46:48][com.alibaba.druid.pool.DruidDataSource]{dataSource-1} inited
[INFO] [2018-03-29 15:46:48][com.taobao.tddl.atom.jdbc.TDataSourceWrapper]set thread count restrict 0
[INFO] [2018-03-29 15:46:48][com.taobao.tddl.atom.jdbc.TDataSourceWrapper]set maxConcurrentReadRestrict 0
[INFO] [2018-03-29 15:46:48][com.taobao.tddl.atom.jdbc.TDataSourceWrapper]set maxConcurrentWriteRestrict 0
[INFO] [2018-03-29 15:46:48][com.alibaba.druid.pool.DruidDataSource]{dataSource-2} inited
[INFO] [2018-03-29 15:46:48][com.taobao.tddl.atom.jdbc.TDataSourceWrapper]set thread count restrict 0
[INFO] [2018-03-29 15:46:48][com.taobao.tddl.atom.jdbc.TDataSourceWrapper]set maxConcurrentReadRestrict 0
[INFO] [2018-03-29 15:46:48][com.taobao.tddl.atom.jdbc.TDataSourceWrapper]set maxConcurrentWriteRestrict 0
[INFO] [2018-03-29 15:46:53][org.springframework.beans.factory.xml.XmlBeanDefinitionReader]Loading XML bean definitions from class path resource [org/springframework/jdbc/support/sql-error-codes.xml]
[INFO] [2018-03-29 15:46:53][org.springframework.jdbc.support.SQLErrorCodesFactory]SQLErrorCodes loaded: [DB2, Derby, H2, HSQL, Informix, MS-SQL, MySQL, Oracle, PostgreSQL, Sybase, Hana]
[INFO] [2018-03-29 15:46:59][org.springframework.context.support.GenericApplicationContext]Closing org.springframework.context.support.GenericApplicationContext@2d1ef81a: startup date [Thu Mar 29 15:46:46 CST 2018]; root of context hierarchy
